<?xml version="1.0" encoding="UTF-8"?>
<coverage generated="1762873225958" clover="3.2.0">
  <project timestamp="1762873225959" name="All files">
    <metrics statements="13" coveredstatements="13" conditionals="0" coveredconditionals="0" methods="0" coveredmethods="0" elements="13" coveredelements="13" complexity="0" loc="13" ncloc="13" packages="2" files="4" classes="4"/>
    <package name="server">
      <metrics statements="2" coveredstatements="2" conditionals="0" coveredconditionals="0" methods="0" coveredmethods="0"/>
      <file name="mongoose.js" path="/Users/baeliozdays/Library/Mobile Documents/com~apple~CloudDocs/2025-2026/CS 4278/MyMusicCity/server/mongoose.js">
        <metrics statements="2" coveredstatements="2" conditionals="0" coveredconditionals="0" methods="0" coveredmethods="0"/>
        <line num="2" count="4" type="stmt"/>
        <line num="5" count="4" type="stmt"/>
      </file>
    </package>
    <package name="server.models">
      <metrics statements="11" coveredstatements="11" conditionals="0" coveredconditionals="0" methods="0" coveredmethods="0"/>
      <file name="Event.js" path="/Users/baeliozdays/Library/Mobile Documents/com~apple~CloudDocs/2025-2026/CS 4278/MyMusicCity/server/models/Event.js">
        <metrics statements="4" coveredstatements="4" conditionals="0" coveredconditionals="0" methods="0" coveredmethods="0"/>
        <line num="1" count="3" type="stmt"/>
        <line num="3" count="3" type="stmt"/>
        <line num="54" count="3" type="stmt"/>
        <line num="56" count="3" type="stmt"/>
      </file>
      <file name="Rsvp.js" path="/Users/baeliozdays/Library/Mobile Documents/com~apple~CloudDocs/2025-2026/CS 4278/MyMusicCity/server/models/Rsvp.js">
        <metrics statements="4" coveredstatements="4" conditionals="0" coveredconditionals="0" methods="0" coveredmethods="0"/>
        <line num="1" count="1" type="stmt"/>
        <line num="3" count="1" type="stmt"/>
        <line num="11" count="1" type="stmt"/>
        <line num="13" count="1" type="stmt"/>
      </file>
      <file name="User.js" path="/Users/baeliozdays/Library/Mobile Documents/com~apple~CloudDocs/2025-2026/CS 4278/MyMusicCity/server/models/User.js">
        <metrics statements="3" coveredstatements="3" conditionals="0" coveredconditionals="0" methods="0" coveredmethods="0"/>
        <line num="1" count="4" type="stmt"/>
        <line num="3" count="4" type="stmt"/>
        <line num="12" count="4" type="stmt"/>
      </file>
    </package>
  </project>
</coverage>
