<?xml version="1.0" encoding="UTF-8"?>
<coverage generated="1762865782589" clover="3.2.0">
  <project timestamp="1762865782589" name="All files">
    <metrics statements="33" coveredstatements="30" conditionals="22" coveredconditionals="16" methods="19" coveredmethods="16" elements="74" coveredelements="62" complexity="0" loc="33" ncloc="33" packages="1" files="1" classes="1"/>
    <file name="Profile.jsx" path="/Users/baeliozdays/Library/Mobile Documents/com~apple~CloudDocs/2025-2026/CS 4278/MyMusicCity/client/src/pages/Profile.jsx">
      <metrics statements="33" coveredstatements="30" conditionals="22" coveredconditionals="16" methods="19" coveredmethods="16"/>
      <line num="7" count="20" type="stmt"/>
      <line num="9" count="20" type="stmt"/>
      <line num="18" count="20" type="stmt"/>
      <line num="26" count="20" type="stmt"/>
      <line num="27" count="6" type="stmt"/>
      <line num="28" count="6" type="cond" truecount="2" falsecount="0"/>
      <line num="29" count="5" type="stmt"/>
      <line num="30" count="5" type="stmt"/>
      <line num="40" count="1" type="stmt"/>
      <line num="44" count="20" type="stmt"/>
      <line num="45" count="6" type="stmt"/>
      <line num="48" count="20" type="stmt"/>
      <line num="49" count="3" type="stmt"/>
      <line num="52" count="20" type="stmt"/>
      <line num="53" count="3" type="cond" truecount="1" falsecount="1"/>
      <line num="57" count="20" type="stmt"/>
      <line num="58" count="1" type="stmt"/>
      <line num="59" count="1" type="stmt"/>
      <line num="60" count="1" type="stmt"/>
      <line num="64" count="20" type="cond" truecount="2" falsecount="0"/>
      <line num="66" count="20" type="stmt"/>
      <line num="79" count="1" type="stmt"/>
      <line num="80" count="1" type="stmt"/>
      <line num="87" count="1" type="stmt"/>
      <line num="99" count="1" type="stmt"/>
      <line num="100" count="1" type="stmt"/>
      <line num="109" count="1" type="stmt"/>
      <line num="121" count="0" type="stmt"/>
      <line num="122" count="0" type="stmt"/>
      <line num="131" count="0" type="stmt"/>
      <line num="143" count="1" type="stmt"/>
      <line num="144" count="1" type="stmt"/>
      <line num="153" count="1" type="stmt"/>
    </file>
  </project>
</coverage>
