<?xml version="1.0" encoding="UTF-8"?>
<coverage generated="1762849855464" clover="3.2.0">
  <project timestamp="1762849855465" name="All files">
    <metrics statements="8" coveredstatements="8" conditionals="8" coveredconditionals="5" methods="5" coveredmethods="5" elements="21" coveredelements="18" complexity="0" loc="8" ncloc="8" packages="1" files="3" classes="3"/>
    <file name="EventCard.jsx" path="/Users/baeliozdays/Library/Mobile Documents/com~apple~CloudDocs/2025-2026/CS 4278/MyMusicCity/client/src/components/EventCard.jsx">
      <metrics statements="6" coveredstatements="6" conditionals="8" coveredconditionals="5" methods="3" coveredmethods="3"/>
      <line num="6" count="2" type="cond" truecount="2" falsecount="0"/>
      <line num="9" count="2" type="stmt"/>
      <line num="10" count="2" type="cond" truecount="1" falsecount="1"/>
      <line num="12" count="2" type="cond" truecount="1" falsecount="1"/>
      <line num="15" count="2" type="stmt"/>
      <line num="22" count="1" type="stmt"/>
    </file>
    <file name="LoadingSpinner.jsx" path="/Users/baeliozdays/Library/Mobile Documents/com~apple~CloudDocs/2025-2026/CS 4278/MyMusicCity/client/src/components/LoadingSpinner.jsx">
      <metrics statements="1" coveredstatements="1" conditionals="0" coveredconditionals="0" methods="1" coveredmethods="1"/>
      <line num="5" count="1" type="stmt"/>
    </file>
    <file name="Navbar.jsx" path="/Users/baeliozdays/Library/Mobile Documents/com~apple~CloudDocs/2025-2026/CS 4278/MyMusicCity/client/src/components/Navbar.jsx">
      <metrics statements="1" coveredstatements="1" conditionals="0" coveredconditionals="0" methods="1" coveredmethods="1"/>
      <line num="8" count="2" type="stmt"/>
    </file>
  </project>
</coverage>
