TN:
SF:src/components/EventCard.jsx
FN:4,EventCard
FN:9,(anonymous_1)
FN:20,(anonymous_2)
FNF:3
FNH:3
FNDA:2,EventCard
FNDA:2,(anonymous_1)
FNDA:1,(anonymous_2)
DA:6,2
DA:9,2
DA:10,2
DA:12,2
DA:15,2
DA:22,1
LF:6
LH:6
BRDA:6,0,0,2
BRDA:6,0,1,2
BRDA:10,1,0,0
BRDA:10,1,1,2
BRDA:12,2,0,2
BRDA:12,2,1,0
BRDA:29,3,0,2
BRDA:29,3,1,0
BRF:8
BRH:5
end_of_record
TN:
SF:src/components/LoadingSpinner.jsx
FN:4,LoadingSpinner
FNF:1
FNH:1
FNDA:1,LoadingSpinner
DA:5,1
LF:1
LH:1
BRF:0
BRH:0
end_of_record
TN:
SF:src/components/Navbar.jsx
FN:7,Navbar
FNF:1
FNH:1
FNDA:2,Navbar
DA:8,2
LF:1
LH:1
BRF:0
BRH:0
end_of_record
