TN:
SF:src/pages/Profile.jsx
FN:6,Profile
FN:26,(anonymous_1)
FN:30,(anonymous_2)
FN:44,(anonymous_3)
FN:48,(anonymous_4)
FN:52,(anonymous_5)
FN:57,(anonymous_6)
FN:79,(anonymous_7)
FN:80,(anonymous_8)
FN:87,(anonymous_9)
FN:99,(anonymous_10)
FN:100,(anonymous_11)
FN:109,(anonymous_12)
FN:121,(anonymous_13)
FN:122,(anonymous_14)
FN:131,(anonymous_15)
FN:143,(anonymous_16)
FN:144,(anonymous_17)
FN:153,(anonymous_18)
FNF:19
FNH:16
FNDA:20,Profile
FNDA:6,(anonymous_1)
FNDA:5,(anonymous_2)
FNDA:6,(anonymous_3)
FNDA:3,(anonymous_4)
FNDA:3,(anonymous_5)
FNDA:1,(anonymous_6)
FNDA:1,(anonymous_7)
FNDA:1,(anonymous_8)
FNDA:1,(anonymous_9)
FNDA:1,(anonymous_10)
FNDA:1,(anonymous_11)
FNDA:1,(anonymous_12)
FNDA:0,(anonymous_13)
FNDA:0,(anonymous_14)
FNDA:0,(anonymous_15)
FNDA:1,(anonymous_16)
FNDA:1,(anonymous_17)
FNDA:1,(anonymous_18)
DA:7,20
DA:9,20
DA:18,20
DA:26,20
DA:27,6
DA:28,6
DA:29,5
DA:30,5
DA:40,1
DA:44,20
DA:45,6
DA:48,20
DA:49,3
DA:52,20
DA:53,3
DA:57,20
DA:58,1
DA:59,1
DA:60,1
DA:64,20
DA:66,20
DA:79,1
DA:80,1
DA:87,1
DA:99,1
DA:100,1
DA:109,1
DA:121,0
DA:122,0
DA:131,0
DA:143,1
DA:144,1
DA:153,1
LF:33
LH:30
BRDA:28,0,0,5
BRDA:28,0,1,1
BRDA:32,1,0,5
BRDA:32,1,1,0
BRDA:33,2,0,5
BRDA:33,2,1,0
BRDA:34,3,0,5
BRDA:34,3,1,0
BRDA:35,4,0,5
BRDA:35,4,1,0
BRDA:53,5,0,3
BRDA:53,5,1,0
BRDA:64,6,0,14
BRDA:64,6,1,6
BRDA:75,7,0,2
BRDA:75,7,1,18
BRDA:95,8,0,2
BRDA:95,8,1,18
BRDA:117,9,0,0
BRDA:117,9,1,20
BRDA:139,10,0,2
BRDA:139,10,1,18
BRF:22
BRH:16
end_of_record
