TN:
SF:server/app.js
FN:24,(anonymous_0)
FN:43,(anonymous_1)
FN:44,(anonymous_2)
FN:47,(anonymous_3)
FN:60,(anonymous_4)
FN:69,(anonymous_5)
FN:80,(anonymous_6)
FN:87,(anonymous_7)
FN:91,(anonymous_8)
FN:105,(anonymous_9)
FN:121,(anonymous_10)
FN:134,(anonymous_11)
FN:145,(anonymous_12)
FN:159,(anonymous_13)
FN:170,(anonymous_14)
FN:184,(anonymous_15)
FN:199,(anonymous_16)
FN:213,(anonymous_17)
FN:221,(anonymous_18)
FN:238,(anonymous_19)
FN:278,(anonymous_20)
FNF:21
FNH:4
FNDA:4,(anonymous_0)
FNDA:0,(anonymous_1)
FNDA:0,(anonymous_2)
FNDA:0,(anonymous_3)
FNDA:0,(anonymous_4)
FNDA:0,(anonymous_5)
FNDA:0,(anonymous_6)
FNDA:0,(anonymous_7)
FNDA:0,(anonymous_8)
FNDA:0,(anonymous_9)
FNDA:0,(anonymous_10)
FNDA:0,(anonymous_11)
FNDA:0,(anonymous_12)
FNDA:1,(anonymous_13)
FNDA:1,(anonymous_14)
FNDA:0,(anonymous_15)
FNDA:0,(anonymous_16)
FNDA:0,(anonymous_17)
FNDA:0,(anonymous_18)
FNDA:2,(anonymous_19)
FNDA:0,(anonymous_20)
DA:2,1
DA:3,1
DA:4,1
DA:6,1
DA:7,1
DA:8,1
DA:11,1
DA:12,1
DA:13,1
DA:15,1
DA:18,1
DA:23,1
DA:26,4
DA:29,4
DA:37,1
DA:38,1
DA:39,1
DA:43,1
DA:44,1
DA:47,1
DA:48,0
DA:49,0
DA:50,0
DA:51,0
DA:55,1
DA:60,1
DA:61,0
DA:69,1
DA:70,0
DA:71,0
DA:72,0
DA:74,0
DA:75,0
DA:80,1
DA:81,0
DA:82,0
DA:84,0
DA:87,0
DA:88,0
DA:91,0
DA:97,0
DA:99,0
DA:100,0
DA:105,1
DA:106,0
DA:107,0
DA:108,0
DA:110,0
DA:111,0
DA:112,0
DA:113,0
DA:115,0
DA:116,0
DA:121,1
DA:122,0
DA:123,0
DA:126,0
DA:128,0
DA:129,0
DA:134,1
DA:135,0
DA:136,0
DA:137,0
DA:138,0
DA:139,0
DA:141,0
DA:145,0
DA:146,0
DA:147,0
DA:148,0
DA:151,0
DA:153,0
DA:154,0
DA:159,1
DA:160,1
DA:161,1
DA:162,1
DA:163,1
DA:164,0
DA:166,1
DA:170,1
DA:171,1
DA:172,1
DA:173,1
DA:176,1
DA:178,0
DA:179,0
DA:184,1
DA:185,0
DA:186,0
DA:187,0
DA:188,0
DA:189,0
DA:190,0
DA:191,0
DA:193,0
DA:194,0
DA:199,1
DA:200,0
DA:201,0
DA:202,0
DA:203,0
DA:204,0
DA:205,0
DA:207,0
DA:208,0
DA:213,1
DA:214,0
DA:215,0
DA:216,0
DA:217,0
DA:221,0
DA:222,0
DA:223,0
DA:224,0
DA:226,0
DA:228,0
DA:229,0
DA:234,1
DA:239,2
DA:240,2
DA:241,2
DA:243,2
DA:244,2
DA:245,2
DA:247,2
DA:248,2
DA:250,2
DA:254,2
DA:255,2
DA:257,2
DA:263,2
DA:264,1
DA:265,1
DA:267,1
DA:269,1
DA:270,1
DA:271,0
DA:272,0
DA:278,1
DA:279,0
DA:280,0
DA:281,0
DA:282,0
DA:283,0
DA:285,0
DA:286,0
DA:288,0
DA:289,0
DA:292,0
DA:294,0
DA:295,0
DA:299,1
LF:153
LH:62
BRDA:26,0,0,4
BRDA:26,0,1,0
BRDA:26,0,2,0
BRDA:50,1,0,0
BRDA:50,1,1,0
BRDA:62,2,0,0
BRDA:62,2,1,0
BRDA:62,2,2,0
BRDA:63,3,0,0
BRDA:63,3,1,0
BRDA:63,3,2,0
BRDA:88,4,0,0
BRDA:88,4,1,0
BRDA:93,5,0,0
BRDA:93,5,1,0
BRDA:94,6,0,0
BRDA:94,6,1,0
BRDA:94,7,0,0
BRDA:94,7,1,0
BRDA:107,8,0,0
BRDA:107,8,1,0
BRDA:111,9,0,0
BRDA:111,9,1,0
BRDA:112,10,0,0
BRDA:112,10,1,0
BRDA:138,11,0,0
BRDA:138,11,1,0
BRDA:146,12,0,0
BRDA:146,12,1,0
BRDA:147,13,0,0
BRDA:147,13,1,0
BRDA:147,14,0,0
BRDA:147,14,1,0
BRDA:163,15,0,0
BRDA:163,15,1,1
BRDA:171,16,0,1
BRDA:171,16,1,0
BRDA:172,17,0,1
BRDA:172,17,1,0
BRDA:172,18,0,1
BRDA:172,18,1,1
BRDA:188,19,0,0
BRDA:188,19,1,0
BRDA:190,20,0,0
BRDA:190,20,1,0
BRDA:201,21,0,0
BRDA:201,21,1,0
BRDA:202,22,0,0
BRDA:202,22,1,0
BRDA:204,23,0,0
BRDA:204,23,1,0
BRDA:215,24,0,0
BRDA:215,24,1,0
BRDA:216,25,0,0
BRDA:216,25,1,0
BRDA:222,26,0,0
BRDA:222,26,1,0
BRDA:223,27,0,0
BRDA:223,27,1,0
BRDA:223,28,0,0
BRDA:223,28,1,0
BRDA:241,29,0,0
BRDA:241,29,1,2
BRDA:245,30,0,0
BRDA:245,30,1,2
BRDA:247,31,0,2
BRDA:247,31,1,2
BRDA:248,32,0,0
BRDA:248,32,1,2
BRDA:254,33,0,0
BRDA:254,33,1,2
BRDA:255,34,0,0
BRDA:255,34,1,2
BRDA:260,35,0,2
BRDA:260,35,1,0
BRDA:269,36,0,1
BRDA:269,36,1,0
BRDA:271,37,0,0
BRDA:271,37,1,0
BRDA:271,38,0,0
BRDA:271,38,1,0
BRDA:272,39,0,0
BRDA:272,39,1,0
BRDA:282,40,0,0
BRDA:282,40,1,0
BRDA:285,41,0,0
BRDA:285,41,1,0
BRDA:286,42,0,0
BRDA:286,42,1,0
BRDA:289,43,0,0
BRDA:289,43,1,0
BRDA:294,44,0,0
BRDA:294,44,1,0
BRDA:294,45,0,0
BRDA:294,45,1,0
BRF:95
BRH:15
end_of_record
TN:
SF:server/mongoose.js
FNF:0
FNH:0
DA:2,4
DA:5,4
LF:2
LH:2
BRF:0
BRH:0
end_of_record
TN:
SF:server/middleware/auth.js
FN:3,auth
FNF:1
FNH:1
FNDA:2,auth
DA:1,1
DA:3,1
DA:4,2
DA:5,2
DA:7,2
DA:8,2
DA:9,0
DA:11,2
DA:12,2
DA:13,2
DA:15,2
DA:16,2
DA:18,0
LF:13
LH:11
BRDA:4,0,0,2
BRDA:4,0,1,2
BRDA:5,1,0,0
BRDA:5,1,1,2
BRDA:8,2,0,0
BRDA:8,2,1,2
BRDA:8,3,0,2
BRDA:8,3,1,2
BRDA:13,4,0,2
BRDA:13,4,1,2
BRF:10
BRH:8
end_of_record
TN:
SF:server/models/Event.js
FNF:0
FNH:0
DA:1,3
DA:3,3
DA:54,3
DA:56,3
LF:4
LH:4
BRF:0
BRH:0
end_of_record
TN:
SF:server/models/Rsvp.js
FNF:0
FNH:0
DA:1,2
DA:3,2
DA:11,2
DA:13,2
LF:4
LH:4
BRF:0
BRH:0
end_of_record
TN:
SF:server/models/User.js
FNF:0
FNH:0
DA:1,4
DA:3,4
DA:12,4
LF:3
LH:3
BRF:0
BRH:0
end_of_record
TN:
SF:server/routes/auth.js
FN:10,emailAllowed
FN:16,(anonymous_1)
FN:60,(anonymous_2)
FNF:3
FNH:2
FNDA:1,emailAllowed
FNDA:1,(anonymous_1)
FNDA:0,(anonymous_2)
DA:1,1
DA:2,1
DA:3,1
DA:4,1
DA:6,1
DA:8,1
DA:11,1
DA:12,1
DA:16,1
DA:17,1
DA:18,1
DA:20,1
DA:21,0
DA:24,1
DA:25,0
DA:27,1
DA:28,1
DA:29,0
DA:31,1
DA:33,1
DA:34,1
DA:36,1
DA:42,1
DA:54,0
DA:55,0
DA:60,1
DA:61,0
DA:62,0
DA:64,0
DA:65,0
DA:67,0
DA:68,0
DA:70,0
DA:71,0
DA:73,0
DA:79,0
DA:91,0
DA:92,0
DA:96,1
LF:39
LH:22
BRDA:8,0,0,1
BRDA:8,0,1,1
BRDA:11,1,0,0
BRDA:11,1,1,1
BRDA:11,2,0,1
BRDA:11,2,1,1
BRDA:20,3,0,0
BRDA:20,3,1,1
BRDA:20,4,0,1
BRDA:20,4,1,1
BRDA:20,4,2,1
BRDA:24,5,0,0
BRDA:24,5,1,1
BRDA:28,6,0,0
BRDA:28,6,1,1
BRDA:38,7,0,1
BRDA:38,7,1,1
BRDA:64,8,0,0
BRDA:64,8,1,0
BRDA:68,9,0,0
BRDA:68,9,1,0
BRDA:71,10,0,0
BRDA:71,10,1,0
BRDA:75,11,0,0
BRDA:75,11,1,0
BRF:25
BRH:13
end_of_record
